<?xml version="1.0" encoding="UTF-8"?>
<!-- Generated by org.testng.reporters.JUnitXMLReporter -->
<testsuite ignored="0" hostname="DESKTOP-M9BLJAP" failures="0" tests="4" name="Default test" time="26.675" errors="0" timestamp="2025-07-18T20:13:20 EET">
  <testcase classname="tests.Mytest" name="signUp" time="9.877"/>
  <testcase classname="tests.Mytest" name="logOut" time="5.444"/>
  <testcase classname="tests.Mytest" name="logIn" time="3.723"/>
  <testcase classname="tests.Mytest" name="addToCart" time="3.196"/>
</testsuite> <!-- Default test -->
