<?xml version="1.0" encoding="UTF-8"?>
<!-- Generated by org.testng.reporters.JUnitXMLReporter -->
<testsuite ignored="0" hostname="DESKTOP-M9BLJAP" failures="0" tests="3" name="Default test" time="59.322" errors="0" timestamp="2025-07-04T18:54:31 EET">
  <testcase classname="login.MyTestCases" name="navigateToSignPage" time="2.736"/>
  <testcase classname="login.MyTestCases" name="checkTheSignUpWindow" time="2.221"/>
  <testcase classname="login.MyTestCases" name="SignUp" time="52.182"/>
</testsuite> <!-- Default test -->
