<?xml version="1.0" encoding="UTF-8"?>
<testng-results ignored="0" total="3" passed="3" failed="0" skipped="0">
  <reporter-output>
  </reporter-output>
  <suite started-at="2025-07-04T18:53:32 EET" name="Default suite" finished-at="2025-07-04T18:54:31 EET" duration-ms="59322">
    <groups>
    </groups>
    <test started-at="2025-07-04T18:53:32 EET" name="Default test" finished-at="2025-07-04T18:54:31 EET" duration-ms="59322">
      <class name="login.MyTestCases">
        <test-method is-config="true" signature="setUp()[pri:0, instance:login.MyTestCases@71809907]" started-at="2025-07-04T18:53:27 EET" name="setUp" finished-at="2025-07-04T18:53:32 EET" duration-ms="4508" status="PASS">
          <reporter-output>
          </reporter-output>
        </test-method> <!-- setUp -->
        <test-method is-config="true" signature="mySetUp()[pri:0, instance:login.MyTestCases@71809907]" started-at="2025-07-04T18:53:32 EET" name="mySetUp" finished-at="2025-07-04T18:53:34 EET" duration-ms="2078" status="PASS">
          <reporter-output>
          </reporter-output>
        </test-method> <!-- mySetUp -->
        <test-method signature="navigateToSignPage()[pri:1, instance:login.MyTestCases@71809907]" started-at="2025-07-04T18:53:34 EET" name="navigateToSignPage" finished-at="2025-07-04T18:53:37 EET" duration-ms="2736" status="PASS">
          <reporter-output>
          </reporter-output>
        </test-method> <!-- navigateToSignPage -->
        <test-method signature="checkTheSignUpWindow()[pri:2, instance:login.MyTestCases@71809907]" started-at="2025-07-04T18:53:37 EET" name="checkTheSignUpWindow" finished-at="2025-07-04T18:53:39 EET" duration-ms="2221" status="PASS">
          <reporter-output>
          </reporter-output>
        </test-method> <!-- checkTheSignUpWindow -->
        <test-method signature="SignUp()[pri:3, instance:login.MyTestCases@71809907]" started-at="2025-07-04T18:53:39 EET" name="SignUp" finished-at="2025-07-04T18:54:31 EET" duration-ms="52182" status="PASS">
          <reporter-output>
          </reporter-output>
        </test-method> <!-- SignUp -->
        <test-method is-config="true" signature="tearDown()[pri:0, instance:login.MyTestCases@71809907]" started-at="2025-07-04T18:54:31 EET" name="tearDown" finished-at="2025-07-04T18:54:32 EET" duration-ms="369" status="PASS">
          <reporter-output>
          </reporter-output>
        </test-method> <!-- tearDown -->
      </class> <!-- login.MyTestCases -->
    </test> <!-- Default test -->
  </suite> <!-- Default suite -->
</testng-results>
